{"D:\\Works\\Formations\\Templates\\tests\\formation-unit-tests-bdd-tdd-e2e\\projet\\stranger-things-game-radio\\src\\features\\game\\radio\\models\\radio.ts": {"path":"D:\\Works\\Formations\\Templates\\tests\\formation-unit-tests-bdd-tdd-e2e\\projet\\stranger-things-game-radio\\src\\features\\game\\radio\\models\\radio.ts","statementMap":{"0":{"start":{"line":8,"column":12},"end":{"line":8,"column":null}},"1":{"start":{"line":13,"column":22},"end":{"line":13,"column":null}},"2":{"start":{"line":15,"column":8},"end":{"line":15,"column":null}},"3":{"start":{"line":16,"column":8},"end":{"line":16,"column":null}},"4":{"start":{"line":18,"column":8},"end":{"line":18,"column":null}}},"fnMap":{"0":{"name":"(anonymous_0)","decl":{"start":{"line":7,"column":8},"end":{"line":7,"column":20}},"loc":{"start":{"line":7,"column":36},"end":{"line":9,"column":null}},"line":7},"1":{"name":"(anonymous_1)","decl":{"start":{"line":12,"column":4},"end":{"line":12,"column":18}},"loc":{"start":{"line":12,"column":18},"end":{"line":19,"column":null}},"line":12}},"branchMap":{},"s":{"0":1,"1":1,"2":1,"3":1,"4":1},"f":{"0":1,"1":1},"b":{},"meta":{"lastBranch":0,"lastFunction":2,"lastStatement":5,"seen":{"f:7:8:7:20":0,"s:8:12:8:Infinity":0,"f:12:4:12:18":1,"s:13:22:13:Infinity":1,"s:15:8:15:Infinity":2,"s:16:8:16:Infinity":3,"s:18:8:18:Infinity":4}}}
,"D:\\Works\\Formations\\Templates\\tests\\formation-unit-tests-bdd-tdd-e2e\\projet\\stranger-things-game-radio\\src\\features\\game\\radio\\models\\sound.ts": {"path":"D:\\Works\\Formations\\Templates\\tests\\formation-unit-tests-bdd-tdd-e2e\\projet\\stranger-things-game-radio\\src\\features\\game\\radio\\models\\sound.ts","statementMap":{"0":{"start":{"line":10,"column":11},"end":{"line":10,"column":null}},"1":{"start":{"line":7,"column":8},"end":{"line":7,"column":null}},"2":{"start":{"line":13,"column":8},"end":{"line":13,"column":null}}},"fnMap":{"0":{"name":"(anonymous_0)","decl":{"start":{"line":6,"column":4},"end":{"line":6,"column":16}},"loc":{"start":{"line":6,"column":32},"end":{"line":8,"column":null}},"line":6},"1":{"name":"(anonymous_1)","decl":{"start":{"line":12,"column":4},"end":{"line":12,"column":17}},"loc":{"start":{"line":12,"column":17},"end":{"line":14,"column":null}},"line":12}},"branchMap":{},"s":{"0":1,"1":1,"2":1},"f":{"0":1,"1":1},"b":{},"meta":{"lastBranch":0,"lastFunction":2,"lastStatement":3,"seen":{"s:10:11:10:Infinity":0,"f:6:4:6:16":0,"s:7:8:7:Infinity":1,"f:12:4:12:17":1,"s:13:8:13:Infinity":2}}}
}
