{"D:\\Works\\Formations\\Templates\\tests\\formation-unit-tests-bdd-tdd-e2e\\projet\\stranger-things-game-radio\\src\\features\\game\\radio\\models\\radio.ts": {"path":"D:\\Works\\Formations\\Templates\\tests\\formation-unit-tests-bdd-tdd-e2e\\projet\\stranger-things-game-radio\\src\\features\\game\\radio\\models\\radio.ts","statementMap":{"0":{"start":{"line":8,"column":12},"end":{"line":8,"column":null}},"1":{"start":{"line":12,"column":8},"end":{"line":14,"column":null}},"2":{"start":{"line":13,"column":12},"end":{"line":13,"column":null}},"3":{"start":{"line":18,"column":22},"end":{"line":18,"column":null}},"4":{"start":{"line":20,"column":8},"end":{"line":20,"column":null}},"5":{"start":{"line":22,"column":8},"end":{"line":22,"column":null}}},"fnMap":{"0":{"name":"(anonymous_0)","decl":{"start":{"line":7,"column":8},"end":{"line":7,"column":20}},"loc":{"start":{"line":7,"column":36},"end":{"line":9,"column":null}},"line":7},"1":{"name":"(anonymous_1)","decl":{"start":{"line":11,"column":4},"end":{"line":11,"column":9}},"loc":{"start":{"line":11,"column":32},"end":{"line":15,"column":null}},"line":11},"2":{"name":"(anonymous_2)","decl":{"start":{"line":17,"column":4},"end":{"line":17,"column":18}},"loc":{"start":{"line":17,"column":18},"end":{"line":23,"column":null}},"line":17}},"branchMap":{"0":{"loc":{"start":{"line":12,"column":8},"end":{"line":14,"column":null}},"type":"if","locations":[{"start":{"line":12,"column":8},"end":{"line":14,"column":null}},{"start":{},"end":{}}],"line":12},"1":{"loc":{"start":{"line":12,"column":11},"end":{"line":12,"column":41}},"type":"binary-expr","locations":[{"start":{"line":12,"column":11},"end":{"line":12,"column":26}},{"start":{"line":12,"column":26},"end":{"line":12,"column":41}}],"line":12}},"s":{"0":2,"1":100,"2":27,"3":1,"4":1,"5":1},"f":{"0":2,"1":100,"2":1},"b":{"0":[27,73],"1":[100,84]},"meta":{"lastBranch":2,"lastFunction":3,"lastStatement":6,"seen":{"f:7:8:7:20":0,"s:8:12:8:Infinity":0,"f:11:4:11:9":1,"b:12:8:14:Infinity:undefined:undefined:undefined:undefined":0,"s:12:8:14:Infinity":1,"b:12:11:12:26:12:26:12:41":1,"s:13:12:13:Infinity":2,"f:17:4:17:18":2,"s:18:22:18:Infinity":3,"s:20:8:20:Infinity":4,"s:22:8:22:Infinity":5}}}
,"D:\\Works\\Formations\\Templates\\tests\\formation-unit-tests-bdd-tdd-e2e\\projet\\stranger-things-game-radio\\src\\features\\game\\radio\\models\\sound.ts": {"path":"D:\\Works\\Formations\\Templates\\tests\\formation-unit-tests-bdd-tdd-e2e\\projet\\stranger-things-game-radio\\src\\features\\game\\radio\\models\\sound.ts","statementMap":{"0":{"start":{"line":10,"column":12},"end":{"line":10,"column":null}},"1":{"start":{"line":7,"column":8},"end":{"line":7,"column":null}},"2":{"start":{"line":13,"column":8},"end":{"line":13,"column":null}},"3":{"start":{"line":17,"column":8},"end":{"line":17,"column":null}},"4":{"start":{"line":18,"column":8},"end":{"line":18,"column":null}}},"fnMap":{"0":{"name":"(anonymous_0)","decl":{"start":{"line":6,"column":4},"end":{"line":6,"column":16}},"loc":{"start":{"line":6,"column":32},"end":{"line":8,"column":null}},"line":6},"1":{"name":"(anonymous_1)","decl":{"start":{"line":12,"column":8},"end":{"line":12,"column":23}},"loc":{"start":{"line":12,"column":23},"end":{"line":14,"column":null}},"line":12},"2":{"name":"(anonymous_2)","decl":{"start":{"line":16,"column":4},"end":{"line":16,"column":9}},"loc":{"start":{"line":16,"column":34},"end":{"line":19,"column":null}},"line":16}},"branchMap":{},"s":{"0":2,"1":2,"2":11,"3":11,"4":11},"f":{"0":2,"1":11,"2":11},"b":{},"meta":{"lastBranch":0,"lastFunction":3,"lastStatement":5,"seen":{"s:10:12:10:Infinity":0,"f:6:4:6:16":0,"s:7:8:7:Infinity":1,"f:12:8:12:23":1,"s:13:8:13:Infinity":2,"f:16:4:16:9":2,"s:17:8:17:Infinity":3,"s:18:8:18:Infinity":4}}}
}
